c:\users\marko\source\repos\moonshine\moonshine\x64\release\vc142.pdb
c:\users\marko\source\repos\moonshine\moonshine\x64\release\renderer.obj
c:\users\marko\source\repos\moonshine\moonshine\x64\release\demo.obj
c:\users\marko\source\repos\moonshine\moonshine\x64\release\camera.obj
c:\users\marko\source\repos\moonshine\moonshine\x64\release\moonshineengine.obj
c:\users\marko\source\repos\moonshine\moonshine\x64\release\map.obj
c:\users\marko\source\repos\moonshine\x64\release\moonshine.exe
c:\users\marko\source\repos\moonshine\moonshine\x64\release\moonshine.ipdb
c:\users\marko\source\repos\moonshine\moonshine\x64\release\moonshine.iobj
c:\users\marko\source\repos\moonshine\x64\release\moonshine.pdb
c:\vranca backup\documents\visual studio 2015\projects\moonshine\x64\release\moonshine.ipdb
c:\vranca backup\documents\visual studio 2015\projects\moonshine\x64\release\moonshine.iobj
c:\users\marko\source\repos\moonshine\x64\release\moonshine.ipdb
c:\users\marko\source\repos\moonshine\x64\release\moonshine.iobj
c:\users\marko\source\repos\moonshine\moonshine\x64\release\moonshine.tlog\cl.command.1.tlog
c:\users\marko\source\repos\moonshine\moonshine\x64\release\moonshine.tlog\cl.read.1.tlog
c:\users\marko\source\repos\moonshine\moonshine\x64\release\moonshine.tlog\cl.write.1.tlog
c:\users\marko\source\repos\moonshine\moonshine\x64\release\moonshine.tlog\link.command.1.tlog
c:\users\marko\source\repos\moonshine\moonshine\x64\release\moonshine.tlog\link.read.1.tlog
c:\users\marko\source\repos\moonshine\moonshine\x64\release\moonshine.tlog\link.write.1.tlog
c:\users\marko\source\repos\moonshine\moonshine\x64\release\moonshine.tlog\moonshine.write.1u.tlog
